<?xml version="1.0" encoding="UTF-8"?>
<!-- Generated by org.testng.reporters.JUnitReportReporter -->
<testsuite hostname="DESKTOP-MH1I98B" failures="0" tests="1" name="Scripts.Testscript01" time="8.767" errors="0" timestamp="2023-11-02T22:52:19 IST" skipped="0">
  <testcase classname="Scripts.Testscript01" name="valid" time="8.767"/>
  <system-out>
    <![CDATA[valid=====execution is pass
un and pass is invalid
invalid=====execution is pass]]>
  </system-out>
</testsuite> <!-- Scripts.Testscript01 -->
