<?xml version="1.0" encoding="UTF-8"?>
<!-- Generated by org.testng.reporters.JUnitReportReporter -->
<testsuite hostname="DESKTOP-MH1I98B" failures="0" tests="1" name="pom.testScriptHRM" time="15.770" errors="0" timestamp="2023-11-11T13:30:45 IST" skipped="0">
  <testcase classname="pom.testScriptHRM" name="testLogin" time="15.770">
    <system-out>
      <![CDATA[Invalid credentials]]>
    </system-out>
  </testcase> <!-- testLogin -->
  <system-out>
    <![CDATA[Invalid credentials]]>
  </system-out>
</testsuite> <!-- pom.testScriptHRM -->
