<?xml version="1.0" encoding="UTF-8"?>
<!-- Generated by org.testng.reporters.JUnitReportReporter -->
<testsuite hostname="DESKTOP-MH1I98B" failures="0" tests="1" name="pom.testscript_01" time="18.995" errors="0" timestamp="2023-11-09T16:56:47 IST" skipped="0">
  <testcase classname="pom.testscript_01" name="testfor" time="18.995"/>
</testsuite> <!-- pom.testscript_01 -->
