<?xml version="1.0" encoding="UTF-8"?>
<!-- Generated by org.testng.reporters.JUnitReportReporter -->
<testsuite hostname="DESKTOP-MH1I98B" failures="0" tests="1" name="pom.testScriptHRMValidAndInvalid" time="20.836" errors="0" timestamp="2023-11-11T13:33:12 IST" skipped="0">
  <testcase classname="pom.testScriptHRMValidAndInvalid" name="testLogin" time="20.836"/>
</testsuite> <!-- pom.testScriptHRMValidAndInvalid -->
